This is XeTeX, Version 3.14159265-2.6-0.999991 (TeX Live 2019/W32TeX) (preloaded format=xelatex 2019.10.11)  4 OCT 2020 22:49
entering extended mode
 \write18 enabled.
 Source specials enabled.
 file:line:error style messages enabled.
 %&-line parsing enabled.
**g:/graduatepj/final/paper/thesis.tex;cp g:\graduatepj\final\paper\thesis.pdf thesis.pdf

! Emergency stop.
<*> g:/graduatepj/final/paper/thesis.tex;cp 
                                            g:\graduatepj\final\paper\thesis...
*** (job aborted, file error in nonstop mode)

 
Here is how much of TeX's memory you used:
 4 strings out of 492482
 75 string characters out of 6132846
 66262 words of memory out of 5000000
 4588 multiletter control sequences out of 15000+600000
 3640 words of font info for 14 fonts, out of 8000000 for 9000
 1348 hyphenation exceptions out of 8191
 0i,0n,0p,1b,6s stack positions out of 5000i,500n,10000p,200000b,80000s
No pages of output.
