\BOOKMARK [0][]{ctitle.0}{\376\377\127\372\116\216\122\006\136\003\137\017\123\117\124\014\173\227\154\325\166\204\145\340\116\272\147\072\226\306\177\244\144\034\175\042\170\024\172\166}{}% 1
\BOOKMARK [0][]{etitle.0}{\376\377\000R\000e\000s\000e\000a\000r\000c\000h\000\040\000o\000n\000\040\000U\000A\000V\000\040\000f\000l\000o\000c\000k\000\040\000s\000e\000a\000r\000c\000h\000i\000n\000g\000\040\000b\000a\000s\000e\000d\000\040\000o\000n\000\040\000d\000i\000s\000t\000r\000i\000b\000u\000t\000e\000d\000\040\000c\000o\000l\000l\000a\000b\000o\000r\000a\000t\000i\000o\000n\000\040\000a\000l\000g\000o\000r\000i\000t\000h\000m}{}% 2
\BOOKMARK [0][]{section*.3}{\376\377\144\130\000\040\211\201}{}% 3
\BOOKMARK [0][]{section*.5}{\376\377\000A\000b\000s\000t\000r\000a\000c\000t}{}% 4
\BOOKMARK [0][]{section*.7}{\376\377\162\151\164\006\221\317\124\015\171\360\123\312\173\046\123\367\210\150}{}% 5
\BOOKMARK [0][]{ccontent.0}{\376\377\166\356\000\040\137\125}{}% 6
\BOOKMARK [0][]{chapter.1}{\376\377\173\054\0001\172\340\000\040\000\040\124\310\134\024\156\350\135\345\116\032\131\047\133\146\170\024\172\166\165\037\133\146\117\115\213\272\145\207\144\260\121\231\211\304\203\003}{}% 7
\BOOKMARK [1][-]{section.1.1}{\376\377\0001\000.\0001\000\040\121\205\133\271\211\201\154\102}{chapter.1}% 8
\BOOKMARK [2][-]{subsection.1.1.1}{\376\377\0001\000.\0001\000.\0001\000\040\230\230\166\356}{section.1.1}% 9
\BOOKMARK [2][-]{subsection.1.1.2}{\376\377\0001\000.\0001\000.\0002\000\040\144\130\211\201\116\016\121\163\225\056\213\315}{section.1.1}% 10
\BOOKMARK [2][-]{subsection.1.1.3}{\376\377\0001\000.\0001\000.\0003\000\040\166\356\137\125}{section.1.1}% 11
\BOOKMARK [2][-]{subsection.1.1.4}{\376\377\0001\000.\0001\000.\0004\000\040\213\272\145\207\153\143\145\207}{section.1.1}% 12
\BOOKMARK [0][]{chapter.2}{\376\377\173\054\0002\172\340\000\040\000\040\171\072\117\213\145\207\150\143}{}% 13
\BOOKMARK [1][-]{section.2.1}{\376\377\0002\000.\0001\000\040\121\163\116\216\145\160\133\127}{chapter.2}% 14
\BOOKMARK [1][-]{section.2.2}{\376\377\0002\000.\0002\000\040\175\042\137\025\171\072\117\213}{chapter.2}% 15
\BOOKMARK [1][-]{section.2.3}{\376\377\0002\000.\0003\000\040\147\057\213\355\143\222\162\110\116\076\117\213}{chapter.2}% 16
\BOOKMARK [1][-]{section.2.4}{\376\377\0002\000.\0004\000\040\137\025\165\050}{chapter.2}% 17
\BOOKMARK [1][-]{section.2.5}{\376\377\0002\000.\0005\000\040\133\232\164\006\124\214\133\232\116\111\173\111}{chapter.2}% 18
\BOOKMARK [1][-]{section.2.6}{\376\377\0002\000.\0006\000\040\126\376\162\107}{chapter.2}% 19
\BOOKMARK [2][-]{subsection.2.6.1}{\376\377\0002\000.\0006\000.\0001\000\040\123\132\130\353\153\325\116\032\213\272\145\207\123\314\213\355\230\230\154\350}{section.2.6}% 20
\BOOKMARK [2][-]{subsection.2.6.2}{\376\377\0002\000.\0006\000.\0002\000\040\147\054\170\125\213\272\145\207\230\230\154\350}{section.2.6}% 21
\BOOKMARK [2][-]{subsection.2.6.3}{\376\377\0002\000.\0006\000.\0003\000\040\136\166\143\222\126\376\124\214\133\120\126\376}{section.2.6}% 22
\BOOKMARK [1][-]{section.2.7}{\376\377\0002\000.\0007\000\040\131\202\117\125\120\132\121\372\173\046\124\010\211\304\203\003\166\204\157\002\116\256\166\204\126\376}{chapter.2}% 23
\BOOKMARK [2][-]{subsection.2.7.1}{\376\377\0002\000.\0007\000.\0001\000\040\000T\000i\000k\000z\117\134\126\376\116\076\117\213}{section.2.7}% 24
\BOOKMARK [2][-]{subsection.2.7.2}{\376\377\0002\000.\0007\000.\0002\000\040\000R\117\134\126\376}{section.2.7}% 25
\BOOKMARK [1][-]{section.2.8}{\376\377\0002\000.\0008\000\040\210\150\150\074}{chapter.2}% 26
\BOOKMARK [2][-]{subsection.2.8.1}{\376\377\0002\000.\0008\000.\0001\000\040\146\156\220\032\210\150\150\074\166\204\176\330\122\066\145\271\154\325}{section.2.8}% 27
\BOOKMARK [2][-]{subsection.2.8.2}{\376\377\0002\000.\0008\000.\0002\000\040\225\177\210\150\150\074\166\204\176\330\122\066\145\271\154\325}{section.2.8}% 28
\BOOKMARK [2][-]{subsection.2.8.3}{\376\377\0002\000.\0008\000.\0003\000\040\122\027\133\275\123\357\214\003\210\150\150\074\166\204\176\330\122\066\145\271\154\325}{section.2.8}% 29
\BOOKMARK [1][-]{section.2.9}{\376\377\0002\000.\0009\000\040\121\154\137\017}{chapter.2}% 30
\BOOKMARK [1][-]{section.2.10}{\376\377\0002\000.\0001\0000\000\040\121\166\116\326\147\102\230\171}{chapter.2}% 31
\BOOKMARK [2][-]{subsection.2.10.1}{\376\377\0002\000.\0001\0000\000.\0001\000\040\123\363\177\373\230\165}{section.2.10}% 32
\BOOKMARK [2][-]{subsection.2.10.2}{\376\377\0002\000.\0001\0000\000.\0002\000\040\173\227\154\325}{section.2.10}% 33
\BOOKMARK [2][-]{subsection.2.10.3}{\376\377\0002\000.\0001\0000\000.\0003\000\040\201\032\154\350}{section.2.10}% 34
\BOOKMARK [2][-]{subsection.2.10.4}{\376\377\0002\000.\0001\0000\000.\0004\000\040\156\220\170\001}{section.2.10}% 35
\BOOKMARK [2][-]{subsection.2.10.5}{\376\377\0002\000.\0001\0000\000.\0005\000\040\140\035\156\220\133\213\117\123}{section.2.10}% 36
\BOOKMARK [2][-]{subsection.2.10.6}{\376\377\0002\000.\0001\0000\000.\0006\000\040\116\023\116\032\176\330\126\376\135\345\121\167}{section.2.10}% 37
\BOOKMARK [2][-]{subsection.2.10.7}{\376\377\0002\000.\0001\0000\000.\0007\000\040\147\057\213\355\213\315\154\107\173\241\164\006}{section.2.10}% 38
\BOOKMARK [2][-]{subsection.2.10.8}{\376\377\0002\000.\0001\0000\000.\0008\000\040\000T\000e\000X\000\040\156\220\170\001\177\026\217\221\126\150}{section.2.10}% 39
\BOOKMARK [2][-]{subsection.2.10.9}{\376\377\0002\000.\0001\0000\000.\0009\000\040\000L\000a\000T\000e\000X\000\040\143\222\162\110\221\315\211\201\123\237\122\031}{section.2.10}% 40
\BOOKMARK [1][-]{section.2.11}{\376\377\0002\000.\0001\0001\000\040\121\163\116\216\143\120\122\251}{chapter.2}% 41
\BOOKMARK [0][]{chapter.3}{\376\377\173\054\0003\172\340\000\040\000\040\124\310\134\024\156\350\135\345\116\032\131\047\133\146\170\024\172\166\165\037\133\146\117\115\213\272\145\207\144\260\121\231\211\304\203\003}{}% 42
\BOOKMARK [1][-]{section.3.1}{\376\377\0003\000.\0001\000\040\121\205\133\271\211\201\154\102}{chapter.3}% 43
\BOOKMARK [2][-]{subsection.3.1.1}{\376\377\0003\000.\0001\000.\0001\000\040\230\230\166\356}{section.3.1}% 44
\BOOKMARK [2][-]{subsection.3.1.2}{\376\377\0003\000.\0001\000.\0002\000\040\144\130\211\201\116\016\121\163\225\056\213\315}{section.3.1}% 45
\BOOKMARK [2][-]{subsection.3.1.3}{\376\377\0003\000.\0001\000.\0003\000\040\166\356\137\125}{section.3.1}% 46
\BOOKMARK [2][-]{subsection.3.1.4}{\376\377\0003\000.\0001\000.\0004\000\040\213\272\145\207\153\143\145\207}{section.3.1}% 47
\BOOKMARK [0][]{chapter.4}{\376\377\173\054\0004\172\340\000\040\000\040\124\310\134\024\156\350\135\345\116\032\131\047\133\146\170\024\172\166\165\037\133\146\117\115\213\272\145\207\144\260\121\231\211\304\203\003}{}% 48
\BOOKMARK [1][-]{section.4.1}{\376\377\0004\000.\0001\000\040\121\205\133\271\211\201\154\102}{chapter.4}% 49
\BOOKMARK [2][-]{subsection.4.1.1}{\376\377\0004\000.\0001\000.\0001\000\040\230\230\166\356}{section.4.1}% 50
\BOOKMARK [2][-]{subsection.4.1.2}{\376\377\0004\000.\0001\000.\0002\000\040\144\130\211\201\116\016\121\163\225\056\213\315}{section.4.1}% 51
\BOOKMARK [2][-]{subsection.4.1.3}{\376\377\0004\000.\0001\000.\0003\000\040\166\356\137\125}{section.4.1}% 52
\BOOKMARK [2][-]{subsection.4.1.4}{\376\377\0004\000.\0001\000.\0004\000\040\213\272\145\207\153\143\145\207}{section.4.1}% 53
\BOOKMARK [0][]{section*.15}{\376\377\176\323\000\040\213\272}{}% 54
\BOOKMARK [0][]{section*.18}{\376\377\123\302\200\003\145\207\163\056}{}% 55
\BOOKMARK [0][]{appendix.A}{\376\377\226\104\137\125\000\040\000A\000\040\000\040\136\046\172\340\202\202\166\204\226\104\137\125}{}% 56
\BOOKMARK [1][-]{section.A.1}{\376\377\000A\000.\0001\000\040\226\104\137\125\202\202\166\204\121\205\133\271}{appendix.A}% 57
\BOOKMARK [0][]{appendix.B}{\376\377\226\104\137\125\000\040\000B\000\040\000\040\217\331\116\052\146\037\164\003\116\012\147\000\131\175\166\204\121\115\215\071\000L\000i\000n\000u\000x\217\157\116\366\122\027\210\150}{}% 58
\BOOKMARK [1][-]{section.B.1}{\376\377\000B\000.\0001\000\040\174\373\176\337}{appendix.B}% 59
\BOOKMARK [2][-]{subsection.B.1.1}{\376\377\000B\000.\0001\000.\0001\000\040\000h\000i\000f\000v\000w\000m\166\204\117\030\160\271}{section.B.1}% 60
\BOOKMARK [1][-]{section.B.2}{\376\377\000B\000.\0002\000\040\121\166\116\326}{appendix.B}% 61
\BOOKMARK [1][-]{section.B.3}{\376\377\000B\000.\0003\000\040\000v\000i\000m}{appendix.B}% 62
\BOOKMARK [0][]{section*.22}{\376\377\145\073\213\373\170\125\130\353\133\146\117\115\147\037\225\364\123\321\210\150\166\204\213\272\145\207\123\312\121\166\116\326\142\020\147\234}{}% 63
\BOOKMARK [0][]{section*.24}{\376\377\175\042\137\025}{}% 64
\BOOKMARK [0][]{section*.28}{\376\377\124\310\134\024\156\350\135\345\116\032\131\047\133\146\133\146\117\115\213\272\145\207\123\237\122\033\140\047\130\360\146\016\124\214\117\177\165\050\147\103\226\120}{}% 65
\BOOKMARK [0][]{section*.30}{\376\377\201\364\000\040\214\042}{}% 66
\BOOKMARK [0][]{section*.32}{\376\377\116\052\116\272\173\200\123\206}{}% 67
